<?xml version="1.0" encoding="UTF-8"?>
<!-- Generated by org.testng.reporters.JUnitReportReporter -->
<testsuite skipped="0" hostname="DESKTOP-SBE2F1C" name="testNG.testingAmazon" tests="3" failures="0" timestamp="23 Jul 2017 06:15:58 GMT" time="27.544" errors="0">
  <testcase name="openFacebook" time="21.826" classname="testNG.testingAmazon"/>
  <testcase name="f" time="0.008" classname="testNG.testingAmazon"/>
  <testcase name="invokeBrowser" time="5.710" classname="testNG.testingAmazon"/>
</testsuite> <!-- testNG.testingAmazon -->
