<?xml version="1.0" encoding="UTF-8"?>
<!-- Generated by org.testng.reporters.JUnitReportReporter -->
<testsuite skipped="0" hostname="DESKTOP-SBE2F1C" name="testNG.TestGroupingNew" tests="6" failures="0" timestamp="09 Jul 2017 11:18:59 GMT" time="0.007" errors="0">
  <testcase name="M3" time="0.002" classname="testNG.TestGroupingNew"/>
  <testcase name="M4" time="0.001" classname="testNG.TestGroupingNew"/>
  <testcase name="M1" time="0.001" classname="testNG.TestGroupingNew"/>
  <testcase name="M5" time="0.001" classname="testNG.TestGroupingNew"/>
  <testcase name="M6" time="0.001" classname="testNG.TestGroupingNew"/>
  <testcase name="M2" time="0.001" classname="testNG.TestGroupingNew"/>
</testsuite> <!-- testNG.TestGroupingNew -->
