<?xml version="1.0" encoding="UTF-8"?>
<!-- Generated by org.testng.reporters.JUnitReportReporter -->
<testsuite skipped="0" hostname="DESKTOP-SBE2F1C" name="testNG.testGrouping" tests="4" failures="0" timestamp="09 Jul 2017 11:18:59 GMT" time="0.013" errors="0">
  <testcase name="f1" time="0.009" classname="testNG.testGrouping"/>
  <testcase name="f6" time="0.001" classname="testNG.testGrouping"/>
  <testcase name="f2" time="0.001" classname="testNG.testGrouping"/>
  <testcase name="f4" time="0.002" classname="testNG.testGrouping"/>
</testsuite> <!-- testNG.testGrouping -->
