<?xml version="1.0" encoding="UTF-8"?>
<!-- Generated by org.testng.reporters.JUnitReportReporter -->
<testsuite skipped="0" hostname="DESKTOP-SBE2F1C" name="testNG.TestAnnotations" tests="2" failures="0" timestamp="09 Jul 2017 17:12:30 GMT" time="0.010" errors="0">
  <testcase name="f2" time="0.005" classname="testNG.TestAnnotations"/>
  <testcase name="f1" time="0.005" classname="testNG.TestAnnotations"/>
</testsuite> <!-- testNG.TestAnnotations -->
